testapp/manifest-merger-debug-report.txt
-- Merging decision tree log ---
manifest
ADDED from AndroidManifest.xml:12:1
	xmlns:tools
		ADDED from AndroidManifest.xml:13:5
	xmlns:android
		ADDED from AndroidManifest.xml:12:11
	package
		ADDED from AndroidManifest.xml:14:5
	android:versionName
		INJECTED from AndroidManifest.xml:0:0
		INJECTED from AndroidManifest.xml:0:0
	android:versionCode
		INJECTED from AndroidManifest.xml:0:0
		INJECTED from AndroidManifest.xml:0:0
uses-permission#android.permission.INTERNET
ADDED from AndroidManifest.xml:16:5
	android:name
		ADDED from AndroidManifest.xml:16:22
application
ADDED from AndroidManifest.xml:18:5
MERGED from com.android.support:appcompat-v7:19.1.0:19:5
MERGED from android-NestDK:NestLib:unspecified:21:5
	android:label
		ADDED from AndroidManifest.xml:21:9
	android:allowBackup
		ADDED from AndroidManifest.xml:19:9
	android:icon
		ADDED from AndroidManifest.xml:20:9
		REJECTED from android-NestDK:NestLib:unspecified:23:9
	android:theme
		ADDED from AndroidManifest.xml:22:9
	tools:replace
		ADDED from AndroidManifest.xml:23:9
activity#com.nestapi.codelab.demo.MainActivity
ADDED from AndroidManifest.xml:24:9
	android:label
		ADDED from AndroidManifest.xml:26:13
	android:name
		ADDED from AndroidManifest.xml:25:13
intent-filter#android.intent.action.MAIN+android.intent.category.LAUNCHER
ADDED from AndroidManifest.xml:27:13
action#android.intent.action.MAIN
ADDED from AndroidManifest.xml:28:17
	android:name
		ADDED from AndroidManifest.xml:28:25
category#android.intent.category.LAUNCHER
ADDED from AndroidManifest.xml:30:17
	android:name
		ADDED from AndroidManifest.xml:30:27
uses-sdk
INJECTED from AndroidManifest.xml:0:0 reason: use-sdk injection requested
MERGED from com.android.support:appcompat-v7:19.1.0:18:5
MERGED from android-NestDK:NestLib:unspecified:17:5
	android:targetSdkVersion
		INJECTED from AndroidManifest.xml:0:0
		INJECTED from AndroidManifest.xml:0:0
	android:minSdkVersion
		INJECTED from AndroidManifest.xml:0:0
		INJECTED from AndroidManifest.xml:0:0
activity#com.nestapi.lib.UserAuthActivity
ADDED from android-NestDK:NestLib:unspecified:25:9
	android:windowSoftInputMode
		ADDED from android-NestDK:NestLib:unspecified:28:13
	android:theme
		ADDED from android-NestDK:NestLib:unspecified:27:13
	android:name
		ADDED from android-NestDK:NestLib:unspecified:26:13